<?xml version='1.0'?>
<ns2:test-suite xmlns:ns2='urn:model.allure.qatools.yandex.ru' start='1586432069994' stop='1586432083711'>
    <name>Check Allure report</name>
    <title>Check Allure report</title>
    <test-cases>
        <test-case start='1586432070001' status='failed' stop='1586432083674'>
            <name>Test-1-1:Failed Test </name>
            <title>Test-1-1:Failed Test </title>
            <labels>
                <label name='language' value='javascript'/>
                <label name='framework' value='wdio'/>
                <label name='thread' value='0-0'/>
            </labels>
            <parameters>
                <parameter kind='argument' name='browser' value='chrome-80.0.3987.149'/>
            </parameters>
            <steps/>
            <attachments>
                <attachment title='Screenshot' source='901e995c-7301-4088-972b-eef8a46c27ab-attachment.png' type='image/png' size='307796'/>
                <attachment title='Screenshot' source='d285c5bd-4b33-47e1-bffc-40c7b7507114-attachment.png' type='image/png' size='194367'/>
                <attachment title='Screenshot' source='355268f4-7b4a-4cc2-aef6-2205379f2c5e-attachment.png' type='image/png' size='195695'/>
                <attachment title='Screenshot' source='0a4546bf-4aef-40fc-98bf-81cf1e1fc62f-attachment.png' type='image/png' size='194662'/>
                <attachment title='Screenshot' source='570bad68-31e0-46e0-90e5-3b112189fa81-attachment.png' type='image/png' size='196748'/>
                <attachment title='Execution video' source='48d754b7-be4d-4b04-a825-15b4cb7368e1-attachment.mp4' type='video/mp4' size='123'/>
            </attachments>
            <failure>
                <message>expected true to be false</message>
                <stack-trace>AssertionError: expected true to be false
                    at Context.&lt;anonymous> (D:\WebDriverIO\Practice\allureSsense\test\specs\demoTest\allureTest_1.js:24:25)
                    at Context.executeSync (D:\WebDriverIO\Practice\allureSsense\node_modules\@wdio\sync\build\index.js:56:18)
                    at D:\WebDriverIO\Practice\allureSsense\node_modules\@wdio\sync\build\index.js:82:70</stack-trace>
            </failure>
        </test-case>
        <test-case start='1586432083706' status='passed' stop='1586432083707'>
            <name>Test-1-2: Passed Test </name>
            <title>Test-1-2: Passed Test </title>
            <labels>
                <label name='language' value='javascript'/>
                <label name='framework' value='wdio'/>
                <label name='thread' value='0-0'/>
            </labels>
            <parameters>
                <parameter kind='argument' name='browser' value='chrome-80.0.3987.149'/>
            </parameters>
            <steps/>
            <attachments/>
        </test-case>
        <test-case start='1586432083709' status='pending' stop='1586432083709'>
            <name>Test-1-3: Skipped Test </name>
            <title>Test-1-3: Skipped Test </title>
            <labels/>
            <parameters/>
            <steps/>
            <attachments/>
            <failure>
                <message>Test ignored</message>
                <stack-trace>undefined</stack-trace>
            </failure>
        </test-case>
    </test-cases>
</ns2:test-suite>