<?xml version='1.0'?>
<ns2:test-suite xmlns:ns2='urn:model.allure.qatools.yandex.ru' start='1586427101117' stop='1586427111709'>
    <name>Check Allure report</name>
    <title>Check Allure report</title>
    <test-cases>
        <test-case start='1586427101127' status='failed' stop='1586427111672'>
            <name>Test-2-1:Failed Test </name>
            <title>Test-2-1:Failed Test </title>
            <labels>
                <label name='language' value='javascript'/>
                <label name='framework' value='wdio'/>
                <label name='thread' value='0-0'/>
            </labels>
            <parameters>
                <parameter kind='argument' name='browser' value='chrome-80.0.3987.149'/>
            </parameters>
            <steps/>
            <attachments>
                <attachment title='Screenshot' source='cdc95544-458a-49cb-9dff-0be149ede47b-attachment.png' type='image/png' size='578537'/>
                <attachment title='Screenshot' source='646272a7-056d-4f2c-a5c4-67ab99b6c354-attachment.png' type='image/png' size='307966'/>
                <attachment title='Screenshot' source='1a06c02e-58a1-4990-8a62-80ef757b13b3-attachment.png' type='image/png' size='194449'/>
                <attachment title='Screenshot' source='acd9f5b8-3a09-47e4-adfd-697e2d378112-attachment.png' type='image/png' size='194582'/>
                <attachment title='Screenshot' source='7295e7ab-5855-49e6-89c0-ceae51219d41-attachment.png' type='image/png' size='197497'/>
                <attachment title='Execution video' source='786c3b4e-7d47-4739-b51a-f8887ed8236c-attachment.mp4' type='video/mp4' size='123'/>
            </attachments>
            <failure>
                <message>expected true to be false</message>
                <stack-trace>AssertionError: expected true to be false
                    at Context.&lt;anonymous> (D:\WebDriverIO\Practice\allureSsense\test\specs\demoTest\allureTest_1.js:24:25)
                    at Context.executeSync (D:\WebDriverIO\Practice\allureSsense\node_modules\@wdio\sync\build\index.js:56:18)
                    at D:\WebDriverIO\Practice\allureSsense\node_modules\@wdio\sync\build\index.js:82:70</stack-trace>
            </failure>
        </test-case>
        <test-case start='1586427111704' status='passed' stop='1586427111706'>
            <name>Test-2-2: Passed Test </name>
            <title>Test-2-2: Passed Test </title>
            <labels>
                <label name='language' value='javascript'/>
                <label name='framework' value='wdio'/>
                <label name='thread' value='0-0'/>
            </labels>
            <parameters>
                <parameter kind='argument' name='browser' value='chrome-80.0.3987.149'/>
            </parameters>
            <steps/>
            <attachments/>
        </test-case>
        <test-case start='1586427111708' status='pending' stop='1586427111708'>
            <name>Test-2-3: Skipped Test </name>
            <title>Test-2-3: Skipped Test </title>
            <labels/>
            <parameters/>
            <steps/>
            <attachments/>
            <failure>
                <message>Test ignored</message>
                <stack-trace>undefined</stack-trace>
            </failure>
        </test-case>
    </test-cases>
</ns2:test-suite>