<?xml version='1.0'?>
<ns2:test-suite xmlns:ns2='urn:model.allure.qatools.yandex.ru' start='1586442943022' stop='1586442958613'>
    <name>Check Allure report</name>
    <title>Check Allure report</title>
    <test-cases>
        <test-case start='1586442943032' status='failed' stop='1586442958573'>
            <name>Test-1-1:Failed Test </name>
            <title>Test-1-1:Failed Test </title>
            <labels>
                <label name='language' value='javascript'/>
                <label name='framework' value='wdio'/>
                <label name='thread' value='0-0'/>
            </labels>
            <parameters>
                <parameter kind='argument' name='browser' value='chrome-80.0.3987.149'/>
            </parameters>
            <steps/>
            <attachments>
                <attachment title='Screenshot' source='9d479647-7030-4f97-9bd1-87a5ef1e1cf2-attachment.png' type='image/png' size='571548'/>
                <attachment title='Screenshot' source='54705480-6223-4fe5-a177-109dccadf898-attachment.png' type='image/png' size='307972'/>
                <attachment title='Screenshot' source='a1371f85-f981-4045-8f17-f7d5bae05066-attachment.png' type='image/png' size='195695'/>
                <attachment title='Screenshot' source='1bea18cb-0480-4e08-994e-6e1109af0134-attachment.png' type='image/png' size='194664'/>
                <attachment title='Screenshot' source='b3e76ef9-d14f-4a46-93f5-d914926d06cb-attachment.png' type='image/png' size='194664'/>
                <attachment title='Execution video' source='52b6faba-b6a3-42ed-8773-454010bc4619-attachment.mp4' type='video/mp4' size='123'/>
            </attachments>
            <failure>
                <message>expected true to be false</message>
                <stack-trace>AssertionError: expected true to be false
                    at Context.&lt;anonymous> (D:\WebDriverIO\Practice\allureSsense\test\specs\demoTest\allureTest_1.js:24:25)
                    at Context.executeSync (D:\WebDriverIO\Practice\allureSsense\node_modules\@wdio\sync\build\index.js:56:18)
                    at D:\WebDriverIO\Practice\allureSsense\node_modules\@wdio\sync\build\index.js:82:70</stack-trace>
            </failure>
        </test-case>
        <test-case start='1586442958607' status='passed' stop='1586442958609'>
            <name>Test-1-2: Passed Test </name>
            <title>Test-1-2: Passed Test </title>
            <labels>
                <label name='language' value='javascript'/>
                <label name='framework' value='wdio'/>
                <label name='thread' value='0-0'/>
            </labels>
            <parameters>
                <parameter kind='argument' name='browser' value='chrome-80.0.3987.149'/>
            </parameters>
            <steps/>
            <attachments/>
        </test-case>
        <test-case start='1586442958611' status='pending' stop='1586442958611'>
            <name>Test-1-3: Skipped Test </name>
            <title>Test-1-3: Skipped Test </title>
            <labels/>
            <parameters/>
            <steps/>
            <attachments/>
            <failure>
                <message>Test ignored</message>
                <stack-trace>undefined</stack-trace>
            </failure>
        </test-case>
    </test-cases>
</ns2:test-suite>